17-08-27 23:56:51   Browse posts, page number:1
17-08-27 23:56:51   	4 http://tieba.baidu.com/p/5291377020
17-08-27 23:57:01   		In post, page number:1
17-08-27 23:57:01   	88 http://tieba.baidu.com/p/5251056140
17-08-27 23:57:12   		In post, page number:1
17-08-27 23:57:18   		In post, page number:2
17-08-27 23:57:22   		In post, page number:3
17-08-27 23:57:22   	15 http://tieba.baidu.com/p/5212587128
17-08-27 23:57:28   		In post, page number:1
17-08-27 23:57:28   	0 http://tieba.baidu.com/p/5294024040
17-08-27 23:57:33   		In post, page number:1
17-08-27 23:57:33   	1 http://tieba.baidu.com/p/5293410602
17-08-27 23:57:38   		In post, page number:1
17-08-27 23:57:38   	2 http://tieba.baidu.com/p/5292857205
17-08-27 23:57:44   		In post, page number:1
17-08-27 23:57:44   	17 http://tieba.baidu.com/p/3962349861
17-08-27 23:57:49   		In post, page number:1
17-08-27 23:57:49   	11 http://tieba.baidu.com/p/5291580734
17-08-27 23:57:56   		In post, page number:1
17-08-27 23:57:56   	66 http://tieba.baidu.com/p/5264542108
17-08-27 23:58:03   		In post, page number:1
17-08-27 23:58:03   	3 http://tieba.baidu.com/p/5292453373
17-08-27 23:58:08   		In post, page number:1
17-08-27 23:58:08   	5 http://tieba.baidu.com/p/5293969410
17-08-27 23:58:14   		In post, page number:1
17-08-27 23:58:14   	3 http://tieba.baidu.com/p/5291374149?fid=26074
17-08-27 23:58:19   		In post, page number:1
17-08-27 23:58:19   	25 http://tieba.baidu.com/p/5289911854
17-08-27 23:58:25   		In post, page number:1
17-08-27 23:58:25   	75 http://tieba.baidu.com/p/5178703056
17-08-27 23:58:36   		In post, page number:1
17-08-27 23:58:42   		In post, page number:2
17-08-27 23:58:42   	12 http://tieba.baidu.com/p/5292771214
17-08-27 23:58:49   		In post, page number:1
17-08-27 23:58:49   	1 http://tieba.baidu.com/p/5287252360
17-08-27 23:58:55   		In post, page number:1
17-08-27 23:58:55   	227 http://tieba.baidu.com/p/5078429588
17-08-27 23:59:02   		In post, page number:1
17-08-27 23:59:06   		In post, page number:2
17-08-27 23:59:11   		In post, page number:3
17-08-27 23:59:16   		In post, page number:4
17-08-27 23:59:20   		In post, page number:5
17-08-27 23:59:24   		In post, page number:6
17-08-27 23:59:26   		In post, page number:7
17-08-27 23:59:26   	1 http://tieba.baidu.com/p/5293845578
17-08-27 23:59:33   		In post, page number:1
17-08-27 23:59:33   	1 http://tieba.baidu.com/p/5293954139
17-08-27 23:59:38   		In post, page number:1
17-08-27 23:59:38   	26 http://tieba.baidu.com/p/5291573674
17-08-27 23:59:44   		In post, page number:1
17-08-27 23:59:44   	6 http://tieba.baidu.com/p/5288569925
17-08-27 23:59:50   		In post, page number:1
17-08-27 23:59:50   	3 http://tieba.baidu.com/p/5293224085
17-08-27 23:59:56   		In post, page number:1
17-08-27 23:59:56   	53 http://tieba.baidu.com/p/5288121955
17-08-28 00:00:02   		In post, page number:1
17-08-28 00:00:02   	1984 http://tieba.baidu.com/p/4540208426
17-08-28 00:00:23   		In post, page number:1
17-08-28 00:00:28   		In post, page number:2
17-08-28 00:00:34   		In post, page number:3
17-08-28 00:00:56   		In post, page number:4
17-08-28 00:01:05   		In post, page number:5
17-08-28 00:01:17   		In post, page number:6
17-08-28 00:01:21   		In post, page number:7
17-08-28 00:01:27   		In post, page number:8
17-08-28 00:01:31   		In post, page number:9
17-08-28 00:01:37   		In post, page number:10
17-08-28 00:02:28   		Something wrong while access http://tieba.baidu.com/p/4540208426?pn=11
17-08-28 00:02:28   		Wait a moment...
17-08-28 00:04:02   		In post, page number:11
17-08-28 00:04:09   		In post, page number:12
17-08-28 00:04:14   		In post, page number:13
17-08-28 00:04:21   		In post, page number:14
17-08-28 00:04:26   		In post, page number:15
17-08-28 00:04:31   		In post, page number:16
17-08-28 00:04:36   		In post, page number:17
17-08-28 00:04:45   		In post, page number:18
17-08-28 00:04:51   		In post, page number:19
17-08-28 00:04:57   		In post, page number:20
17-08-28 00:05:03   		In post, page number:21
17-08-28 00:05:10   		In post, page number:22
17-08-28 00:05:16   		In post, page number:23
17-08-28 00:05:20   		In post, page number:24
17-08-28 00:05:31   		In post, page number:25
17-08-28 00:05:45   		In post, page number:26
17-08-28 00:05:45   	0 http://tieba.baidu.com/p/5293930239
17-08-28 00:05:52   		In post, page number:1
17-08-28 00:05:52   	38 http://tieba.baidu.com/p/5288874297
17-08-28 00:05:57   		In post, page number:1
17-08-28 00:06:01   		In post, page number:2
17-08-28 00:06:01   	28 http://tieba.baidu.com/p/5291362563?fid=26074
17-08-28 00:06:08   		In post, page number:1
17-08-28 00:06:08   	2 http://tieba.baidu.com/p/5291945157?fid=26074
17-08-28 00:06:14   		In post, page number:1
17-08-28 00:06:14   	3 http://tieba.baidu.com/p/5293757670
17-08-28 00:06:19   		In post, page number:1
17-08-28 00:06:19   	32 http://tieba.baidu.com/p/5292233427
17-08-28 00:06:25   		In post, page number:1
17-08-28 00:06:28   		In post, page number:2
17-08-28 00:06:28   	9 http://tieba.baidu.com/p/5293730344
17-08-28 00:06:36   		In post, page number:1
17-08-28 00:06:36   	6 http://tieba.baidu.com/p/5291070266
17-08-28 00:06:44   		In post, page number:1
17-08-28 00:06:44   	0 http://tieba.baidu.com/p/5293876389?fid=26074
17-08-28 00:06:49   		In post, page number:1
17-08-28 00:06:49   	2 http://tieba.baidu.com/p/5293765377
17-08-28 00:06:54   		In post, page number:1
17-08-28 00:06:54   	57 http://tieba.baidu.com/p/5259558929
17-08-28 00:07:01   		In post, page number:1
17-08-28 00:07:05   		In post, page number:2
17-08-28 00:07:05   	29 http://tieba.baidu.com/p/5292338893
17-08-28 00:07:10   		In post, page number:1
17-08-28 00:07:10   	11 http://tieba.baidu.com/p/5285111446
17-08-28 00:07:16   		In post, page number:1
17-08-28 00:07:16   	2 http://tieba.baidu.com/p/5291951921
17-08-28 00:07:23   		In post, page number:1
17-08-28 00:07:23   	16 http://tieba.baidu.com/p/5273638781?fid=26074
17-08-28 00:07:29   		In post, page number:1
17-08-28 00:07:29   	39 http://tieba.baidu.com/p/5285065018
17-08-28 00:07:34   		In post, page number:1
17-08-28 00:07:34   	0 http://tieba.baidu.com/p/5293737576
17-08-28 00:07:40   		In post, page number:1
17-08-28 00:07:40   	9 http://tieba.baidu.com/p/5291990082
17-08-28 00:07:45   		In post, page number:1
17-08-28 00:07:45   	22 http://tieba.baidu.com/p/5291306562?fid=26074
17-08-28 00:07:51   		In post, page number:1
17-08-28 00:07:51   	1 http://tieba.baidu.com/p/5293647568
17-08-28 00:07:56   		In post, page number:1
17-08-28 00:07:56   	2 http://tieba.baidu.com/p/5293519497
17-08-28 00:08:02   		In post, page number:1
17-08-28 00:08:02   	4 http://tieba.baidu.com/p/5293595313
17-08-28 00:08:07   		In post, page number:1
17-08-28 00:08:07   	1 http://tieba.baidu.com/p/5293636777
17-08-28 00:08:13   		In post, page number:1
17-08-28 00:08:13   	2 http://tieba.baidu.com/p/5291357724?fid=26074
17-08-28 00:08:20   		In post, page number:1
17-08-28 00:08:20   	12 http://tieba.baidu.com/p/5292833358
17-08-28 00:08:25   		In post, page number:1
17-08-28 00:08:34   Browse posts, page number:2
17-08-28 00:08:34   	12 http://tieba.baidu.com/p/5292833358
17-08-28 00:08:39   		In post, page number:1
17-08-28 00:08:39   	0 http://tieba.baidu.com/p/5293523862
17-08-28 00:08:45   		In post, page number:1
17-08-28 00:08:45   	5 http://tieba.baidu.com/p/5292957049
17-08-28 00:08:50   		In post, page number:1
17-08-28 00:08:50   	8 http://tieba.baidu.com/p/5293042764
17-08-28 00:08:56   		In post, page number:1
17-08-28 00:08:56   	6 http://tieba.baidu.com/p/5293196689
17-08-28 00:09:02   		In post, page number:1
17-08-28 00:09:02   	11 http://tieba.baidu.com/p/5292195882
17-08-28 00:09:08   		In post, page number:1
17-08-28 00:09:08   	4 http://tieba.baidu.com/p/5071026862
17-08-28 00:09:13   		In post, page number:1
17-08-28 00:09:13   	16 http://tieba.baidu.com/p/5285653117
17-08-28 00:09:19   		In post, page number:1
17-08-28 00:09:19   	0 http://tieba.baidu.com/p/5293430036
17-08-28 00:09:26   		In post, page number:1
17-08-28 00:09:26   	21 http://tieba.baidu.com/p/5287905650
17-08-28 00:09:32   		In post, page number:1
17-08-28 00:09:32   	0 http://tieba.baidu.com/p/5293417856
17-08-28 00:09:37   		In post, page number:1
17-08-28 00:09:37   	1 http://tieba.baidu.com/p/5285079500
